Dataset/Iosched/ar/build/intermediates/manifest_merge_blame_file/staging/manifest-merger-blame-staging-report.txt
1<?xml version="1.0" encoding="utf-8"?>
2<!--
3  ~ Copyright 2019 Google LLC
4  ~
5  ~ Licensed under the Apache License, Version 2.0 (the "License");
6  ~ you may not use this file except in compliance with the License.
7  ~ You may obtain a copy of the License at
8  ~
9  ~     https://www.apache.org/licenses/LICENSE-2.0
10  ~
11  ~ Unless required by applicable law or agreed to in writing, software
12  ~ distributed under the License is distributed on an "AS IS" BASIS,
13  ~ WITHOUT WARRANTIES OR CONDITIONS OF ANY KIND, either express or implied.
14  ~ See the License for the specific language governing permissions and
15  ~ limitations under the License.
16-->
17<manifest xmlns:android="http://schemas.android.com/apk/res/android"
18    package="com.google.samples.apps.iosched.ar"
19    android:versionCode="1"
20    android:versionName="1.0" >
21
22    <uses-sdk
23        android:minSdkVersion="21"
23-->src/main/AndroidManifest.xml
24        android:targetSdkVersion="29" />
24-->src/main/AndroidManifest.xml
25
26    <uses-permission android:name="android.permission.INTERNET" />
26-->src/main/AndroidManifest.xml:21:5-67
26-->src/main/AndroidManifest.xml:21:22-64
27    <uses-permission android:name="android.permission.CAMERA" />
27-->src/main/AndroidManifest.xml:22:5-65
27-->src/main/AndroidManifest.xml:22:22-62
28    <uses-permission android:name="android.permission.WRITE_EXTERNAL_STORAGE" />
28-->src/main/AndroidManifest.xml:23:5-81
28-->src/main/AndroidManifest.xml:23:22-78
29
30    <application>
30-->src/main/AndroidManifest.xml:25:5-30:19
31        <activity
31-->src/main/AndroidManifest.xml:27:9-29:74
32            android:name="com.google.samples.apps.iosched.ar.ArActivity"
32-->src/main/AndroidManifest.xml:27:19-45
33            android:screenOrientation="portrait"
33-->src/main/AndroidManifest.xml:28:13-49
34            android:theme="@style/AppTheme.NoActionBar.BlackStatusBar" />
34-->src/main/AndroidManifest.xml:29:13-71
35    </application>
36
37</manifest>